============================================================
  Generated by:           Genus(TM) Synthesis Solution 21.12-s068_1
  Generated on:           Mar 02 2024  08:03:33 am
  Module:                 flatFabric
  Technology libraries:   asap7sc7p5t_AO_RVT_TT_nldm_211120 1.0
                          asap7sc7p5t_INVBUF_RVT_TT_nldm_211120 1.0
                          asap7sc7p5t_OA_RVT_TT_nldm_211120 1.0
                          asap7sc7p5t_SEQ_RVT_TT_nldm_220123 1.0
                          asap7sc7p5t_SIMPLE_RVT_TT_nldm_211120 1.0
                          asap7sc7p5t_AO_LVT_TT_nldm_211120 1.0
                          asap7sc7p5t_INVBUF_LVT_TT_nldm_211120 1.0
                          asap7sc7p5t_OA_LVT_TT_nldm_211120 1.0
                          asap7sc7p5t_SEQ_LVT_TT_nldm_220123 1.0
                          asap7sc7p5t_SIMPLE_LVT_TT_nldm_211120 1.0
                          physical_cells 
  Operating conditions:   PVT_0P7V_25C 
  Interconnect mode:      global
  Area mode:              physical library
============================================================

   Reason      Instance Name
-----------------------------
unloaded       Tile_3_10_clbalutile/logicBlock/LBIns_pb_IPIN_FF_33_reg
unloaded       Tile_3_10_clbalutile/logicBlock/LBIns_pb_IPIN_FF_34_reg
unloaded       Tile_3_10_clbalutile/logicBlock/LBIns_pb_IPIN_FF_35_reg
unloaded       Tile_3_10_clbalutile/logicBlock/LBIns_pb_IPIN_FF_36_reg
unloaded       Tile_3_10_clbalutile/logicBlock/LBIns_pb_IPIN_FF_37_reg
unloaded       Tile_3_10_clbalutile/logicBlock/LBIns_pb_IPIN_FF_38_reg
unloaded       Tile_3_10_clbalutile/logicBlock/LBIns_pb_IPIN_FF_39_reg
unloaded       Tile_2_9_clbalutile/logicBlock/LBIns_pb_IPIN_FF_33_reg
unloaded       Tile_2_9_clbalutile/logicBlock/LBIns_pb_IPIN_FF_34_reg
unloaded       Tile_2_9_clbalutile/logicBlock/LBIns_pb_IPIN_FF_35_reg
unloaded       Tile_2_9_clbalutile/logicBlock/LBIns_pb_IPIN_FF_36_reg
unloaded       Tile_2_9_clbalutile/logicBlock/LBIns_pb_IPIN_FF_37_reg
unloaded       Tile_2_9_clbalutile/logicBlock/LBIns_pb_IPIN_FF_38_reg
unloaded       Tile_2_9_clbalutile/logicBlock/LBIns_pb_IPIN_FF_39_reg
unloaded       Tile_5_6_clbalutile/logicBlock/LBIns_pb_IPIN_FF_33_reg
unloaded       Tile_5_6_clbalutile/logicBlock/LBIns_pb_IPIN_FF_34_reg
unloaded       Tile_5_6_clbalutile/logicBlock/LBIns_pb_IPIN_FF_35_reg
unloaded       Tile_5_6_clbalutile/logicBlock/LBIns_pb_IPIN_FF_36_reg
unloaded       Tile_5_6_clbalutile/logicBlock/LBIns_pb_IPIN_FF_37_reg
unloaded       Tile_5_6_clbalutile/logicBlock/LBIns_pb_IPIN_FF_38_reg
unloaded       Tile_5_6_clbalutile/logicBlock/LBIns_pb_IPIN_FF_39_reg
unloaded       Tile_2_2_clbalutile/logicBlock/LBIns_pb_IPIN_FF_33_reg
unloaded       Tile_2_2_clbalutile/logicBlock/LBIns_pb_IPIN_FF_34_reg
unloaded       Tile_2_2_clbalutile/logicBlock/LBIns_pb_IPIN_FF_35_reg
unloaded       Tile_2_2_clbalutile/logicBlock/LBIns_pb_IPIN_FF_36_reg
unloaded       Tile_2_2_clbalutile/logicBlock/LBIns_pb_IPIN_FF_37_reg
unloaded       Tile_2_2_clbalutile/logicBlock/LBIns_pb_IPIN_FF_38_reg
unloaded       Tile_2_2_clbalutile/logicBlock/LBIns_pb_IPIN_FF_39_reg
unloaded       Tile_5_4_clbalutile/logicBlock/LBIns_pb_IPIN_FF_33_reg
unloaded       Tile_5_4_clbalutile/logicBlock/LBIns_pb_IPIN_FF_34_reg
unloaded       Tile_5_4_clbalutile/logicBlock/LBIns_pb_IPIN_FF_35_reg
unloaded       Tile_5_4_clbalutile/logicBlock/LBIns_pb_IPIN_FF_36_reg
unloaded       Tile_5_4_clbalutile/logicBlock/LBIns_pb_IPIN_FF_37_reg
unloaded       Tile_5_4_clbalutile/logicBlock/LBIns_pb_IPIN_FF_38_reg
unloaded       Tile_5_4_clbalutile/logicBlock/LBIns_pb_IPIN_FF_39_reg
unloaded       Tile_4_8_clbalutile/logicBlock/LBIns_pb_IPIN_FF_33_reg
unloaded       Tile_4_8_clbalutile/logicBlock/LBIns_pb_IPIN_FF_34_reg
unloaded       Tile_4_8_clbalutile/logicBlock/LBIns_pb_IPIN_FF_35_reg
unloaded       Tile_4_8_clbalutile/logicBlock/LBIns_pb_IPIN_FF_36_reg
unloaded       Tile_4_8_clbalutile/logicBlock/LBIns_pb_IPIN_FF_37_reg
unloaded       Tile_4_8_clbalutile/logicBlock/LBIns_pb_IPIN_FF_38_reg
unloaded       Tile_4_8_clbalutile/logicBlock/LBIns_pb_IPIN_FF_39_reg
unloaded       Tile_8_5_clbalutile/logicBlock/LBIns_pb_IPIN_FF_33_reg
unloaded       Tile_8_5_clbalutile/logicBlock/LBIns_pb_IPIN_FF_34_reg
unloaded       Tile_8_5_clbalutile/logicBlock/LBIns_pb_IPIN_FF_35_reg
unloaded       Tile_8_5_clbalutile/logicBlock/LBIns_pb_IPIN_FF_36_reg
unloaded       Tile_8_5_clbalutile/logicBlock/LBIns_pb_IPIN_FF_37_reg
unloaded       Tile_8_5_clbalutile/logicBlock/LBIns_pb_IPIN_FF_38_reg
unloaded       Tile_8_5_clbalutile/logicBlock/LBIns_pb_IPIN_FF_39_reg
unloaded       Tile_3_4_clbalutile/logicBlock/LBIns_pb_IPIN_FF_33_reg
unloaded       Tile_3_4_clbalutile/logicBlock/LBIns_pb_IPIN_FF_34_reg
unloaded       Tile_3_4_clbalutile/logicBlock/LBIns_pb_IPIN_FF_35_reg
unloaded       Tile_3_4_clbalutile/logicBlock/LBIns_pb_IPIN_FF_36_reg
unloaded       Tile_3_4_clbalutile/logicBlock/LBIns_pb_IPIN_FF_37_reg
unloaded       Tile_3_4_clbalutile/logicBlock/LBIns_pb_IPIN_FF_38_reg
unloaded       Tile_3_4_clbalutile/logicBlock/LBIns_pb_IPIN_FF_39_reg
unloaded       Tile_2_1_clbalutile/logicBlock/LBIns_pb_IPIN_FF_33_reg
unloaded       Tile_2_1_clbalutile/logicBlock/LBIns_pb_IPIN_FF_34_reg
unloaded       Tile_2_1_clbalutile/logicBlock/LBIns_pb_IPIN_FF_35_reg
unloaded       Tile_2_1_clbalutile/logicBlock/LBIns_pb_IPIN_FF_36_reg
unloaded       Tile_2_1_clbalutile/logicBlock/LBIns_pb_IPIN_FF_37_reg
unloaded       Tile_2_1_clbalutile/logicBlock/LBIns_pb_IPIN_FF_38_reg
unloaded       Tile_2_1_clbalutile/logicBlock/LBIns_pb_IPIN_FF_39_reg
unloaded       Tile_9_3_clbalutile/logicBlock/LBIns_pb_IPIN_FF_33_reg
unloaded       Tile_9_3_clbalutile/logicBlock/LBIns_pb_IPIN_FF_34_reg
unloaded       Tile_9_3_clbalutile/logicBlock/LBIns_pb_IPIN_FF_35_reg
unloaded       Tile_9_3_clbalutile/logicBlock/LBIns_pb_IPIN_FF_36_reg
unloaded       Tile_9_3_clbalutile/logicBlock/LBIns_pb_IPIN_FF_37_reg
unloaded       Tile_9_3_clbalutile/logicBlock/LBIns_pb_IPIN_FF_38_reg
unloaded       Tile_9_3_clbalutile/logicBlock/LBIns_pb_IPIN_FF_39_reg
unloaded       Tile_9_9_clbalutile/logicBlock/LBIns_pb_IPIN_FF_33_reg
unloaded       Tile_9_9_clbalutile/logicBlock/LBIns_pb_IPIN_FF_34_reg
unloaded       Tile_9_9_clbalutile/logicBlock/LBIns_pb_IPIN_FF_35_reg
unloaded       Tile_9_9_clbalutile/logicBlock/LBIns_pb_IPIN_FF_36_reg
unloaded       Tile_9_9_clbalutile/logicBlock/LBIns_pb_IPIN_FF_37_reg
unloaded       Tile_9_9_clbalutile/logicBlock/LBIns_pb_IPIN_FF_38_reg
unloaded       Tile_9_9_clbalutile/logicBlock/LBIns_pb_IPIN_FF_39_reg
unloaded       Tile_7_8_clbalutile/logicBlock/LBIns_pb_IPIN_FF_33_reg
unloaded       Tile_7_8_clbalutile/logicBlock/LBIns_pb_IPIN_FF_34_reg
unloaded       Tile_7_8_clbalutile/logicBlock/LBIns_pb_IPIN_FF_35_reg
unloaded       Tile_7_8_clbalutile/logicBlock/LBIns_pb_IPIN_FF_36_reg
unloaded       Tile_7_8_clbalutile/logicBlock/LBIns_pb_IPIN_FF_37_reg
unloaded       Tile_7_8_clbalutile/logicBlock/LBIns_pb_IPIN_FF_38_reg
unloaded       Tile_7_8_clbalutile/logicBlock/LBIns_pb_IPIN_FF_39_reg
unloaded       Tile_7_5_clbalutile/logicBlock/LBIns_pb_IPIN_FF_33_reg
unloaded       Tile_7_5_clbalutile/logicBlock/LBIns_pb_IPIN_FF_34_reg
unloaded       Tile_7_5_clbalutile/logicBlock/LBIns_pb_IPIN_FF_35_reg
unloaded       Tile_7_5_clbalutile/logicBlock/LBIns_pb_IPIN_FF_36_reg
unloaded       Tile_7_5_clbalutile/logicBlock/LBIns_pb_IPIN_FF_37_reg
unloaded       Tile_7_5_clbalutile/logicBlock/LBIns_pb_IPIN_FF_38_reg
unloaded       Tile_7_5_clbalutile/logicBlock/LBIns_pb_IPIN_FF_39_reg
unloaded       Tile_4_7_clbalutile/logicBlock/LBIns_pb_IPIN_FF_33_reg
unloaded       Tile_4_7_clbalutile/logicBlock/LBIns_pb_IPIN_FF_34_reg
unloaded       Tile_4_7_clbalutile/logicBlock/LBIns_pb_IPIN_FF_35_reg
unloaded       Tile_4_7_clbalutile/logicBlock/LBIns_pb_IPIN_FF_36_reg
unloaded       Tile_4_7_clbalutile/logicBlock/LBIns_pb_IPIN_FF_37_reg
unloaded       Tile_4_7_clbalutile/logicBlock/LBIns_pb_IPIN_FF_38_reg
unloaded       Tile_4_7_clbalutile/logicBlock/LBIns_pb_IPIN_FF_39_reg
unloaded       Tile_7_9_clbalutile/logicBlock/LBIns_pb_IPIN_FF_33_reg
unloaded       Tile_7_9_clbalutile/logicBlock/LBIns_pb_IPIN_FF_34_reg
unloaded       Tile_7_9_clbalutile/logicBlock/LBIns_pb_IPIN_FF_35_reg
unloaded       Tile_7_9_clbalutile/logicBlock/LBIns_pb_IPIN_FF_36_reg
unloaded       Tile_7_9_clbalutile/logicBlock/LBIns_pb_IPIN_FF_37_reg
unloaded       Tile_7_9_clbalutile/logicBlock/LBIns_pb_IPIN_FF_38_reg
unloaded       Tile_7_9_clbalutile/logicBlock/LBIns_pb_IPIN_FF_39_reg
unloaded       Tile_6_1_clbalutile/logicBlock/LBIns_pb_IPIN_FF_33_reg
unloaded       Tile_6_1_clbalutile/logicBlock/LBIns_pb_IPIN_FF_34_reg
unloaded       Tile_6_1_clbalutile/logicBlock/LBIns_pb_IPIN_FF_35_reg
unloaded       Tile_6_1_clbalutile/logicBlock/LBIns_pb_IPIN_FF_36_reg
unloaded       Tile_6_1_clbalutile/logicBlock/LBIns_pb_IPIN_FF_37_reg
unloaded       Tile_6_1_clbalutile/logicBlock/LBIns_pb_IPIN_FF_38_reg
unloaded       Tile_6_1_clbalutile/logicBlock/LBIns_pb_IPIN_FF_39_reg
unloaded       Tile_2_5_clbalutile/logicBlock/LBIns_pb_IPIN_FF_33_reg
unloaded       Tile_2_5_clbalutile/logicBlock/LBIns_pb_IPIN_FF_34_reg
unloaded       Tile_2_5_clbalutile/logicBlock/LBIns_pb_IPIN_FF_35_reg
unloaded       Tile_2_5_clbalutile/logicBlock/LBIns_pb_IPIN_FF_36_reg
unloaded       Tile_2_5_clbalutile/logicBlock/LBIns_pb_IPIN_FF_37_reg
unloaded       Tile_2_5_clbalutile/logicBlock/LBIns_pb_IPIN_FF_38_reg
unloaded       Tile_2_5_clbalutile/logicBlock/LBIns_pb_IPIN_FF_39_reg
unloaded       Tile_6_10_clbalutile/logicBlock/LBIns_pb_IPIN_FF_33_reg
unloaded       Tile_6_10_clbalutile/logicBlock/LBIns_pb_IPIN_FF_34_reg
unloaded       Tile_6_10_clbalutile/logicBlock/LBIns_pb_IPIN_FF_35_reg
unloaded       Tile_6_10_clbalutile/logicBlock/LBIns_pb_IPIN_FF_36_reg
unloaded       Tile_6_10_clbalutile/logicBlock/LBIns_pb_IPIN_FF_37_reg
unloaded       Tile_6_10_clbalutile/logicBlock/LBIns_pb_IPIN_FF_38_reg
unloaded       Tile_6_10_clbalutile/logicBlock/LBIns_pb_IPIN_FF_39_reg
unloaded       Tile_4_2_clbalutile/logicBlock/LBIns_pb_IPIN_FF_33_reg
unloaded       Tile_4_2_clbalutile/logicBlock/LBIns_pb_IPIN_FF_34_reg
unloaded       Tile_4_2_clbalutile/logicBlock/LBIns_pb_IPIN_FF_35_reg
unloaded       Tile_4_2_clbalutile/logicBlock/LBIns_pb_IPIN_FF_36_reg
unloaded       Tile_4_2_clbalutile/logicBlock/LBIns_pb_IPIN_FF_37_reg
unloaded       Tile_4_2_clbalutile/logicBlock/LBIns_pb_IPIN_FF_38_reg
unloaded       Tile_4_2_clbalutile/logicBlock/LBIns_pb_IPIN_FF_39_reg
unloaded       Tile_4_4_clbalutile/logicBlock/LBIns_pb_IPIN_FF_33_reg
unloaded       Tile_4_4_clbalutile/logicBlock/LBIns_pb_IPIN_FF_34_reg
unloaded       Tile_4_4_clbalutile/logicBlock/LBIns_pb_IPIN_FF_35_reg
unloaded       Tile_4_4_clbalutile/logicBlock/LBIns_pb_IPIN_FF_36_reg
unloaded       Tile_4_4_clbalutile/logicBlock/LBIns_pb_IPIN_FF_37_reg
unloaded       Tile_4_4_clbalutile/logicBlock/LBIns_pb_IPIN_FF_38_reg
unloaded       Tile_4_4_clbalutile/logicBlock/LBIns_pb_IPIN_FF_39_reg
unloaded       Tile_2_6_clbalutile/logicBlock/LBIns_pb_IPIN_FF_33_reg
unloaded       Tile_2_6_clbalutile/logicBlock/LBIns_pb_IPIN_FF_34_reg
unloaded       Tile_2_6_clbalutile/logicBlock/LBIns_pb_IPIN_FF_35_reg
unloaded       Tile_2_6_clbalutile/logicBlock/LBIns_pb_IPIN_FF_36_reg
unloaded       Tile_2_6_clbalutile/logicBlock/LBIns_pb_IPIN_FF_37_reg
unloaded       Tile_2_6_clbalutile/logicBlock/LBIns_pb_IPIN_FF_38_reg
unloaded       Tile_2_6_clbalutile/logicBlock/LBIns_pb_IPIN_FF_39_reg
unloaded       Tile_8_4_clbalutile/logicBlock/LBIns_pb_IPIN_FF_33_reg
unloaded       Tile_8_4_clbalutile/logicBlock/LBIns_pb_IPIN_FF_34_reg
unloaded       Tile_8_4_clbalutile/logicBlock/LBIns_pb_IPIN_FF_35_reg
unloaded       Tile_8_4_clbalutile/logicBlock/LBIns_pb_IPIN_FF_36_reg
unloaded       Tile_8_4_clbalutile/logicBlock/LBIns_pb_IPIN_FF_37_reg
unloaded       Tile_8_4_clbalutile/logicBlock/LBIns_pb_IPIN_FF_38_reg
unloaded       Tile_8_4_clbalutile/logicBlock/LBIns_pb_IPIN_FF_39_reg
unloaded       Tile_4_1_clbalutile/logicBlock/LBIns_pb_IPIN_FF_33_reg
unloaded       Tile_4_1_clbalutile/logicBlock/LBIns_pb_IPIN_FF_34_reg
unloaded       Tile_4_1_clbalutile/logicBlock/LBIns_pb_IPIN_FF_35_reg
unloaded       Tile_4_1_clbalutile/logicBlock/LBIns_pb_IPIN_FF_36_reg
unloaded       Tile_4_1_clbalutile/logicBlock/LBIns_pb_IPIN_FF_37_reg
unloaded       Tile_4_1_clbalutile/logicBlock/LBIns_pb_IPIN_FF_38_reg
unloaded       Tile_4_1_clbalutile/logicBlock/LBIns_pb_IPIN_FF_39_reg
unloaded       Tile_9_7_clbalutile/logicBlock/LBIns_pb_IPIN_FF_33_reg
unloaded       Tile_9_7_clbalutile/logicBlock/LBIns_pb_IPIN_FF_34_reg
unloaded       Tile_9_7_clbalutile/logicBlock/LBIns_pb_IPIN_FF_35_reg
unloaded       Tile_9_7_clbalutile/logicBlock/LBIns_pb_IPIN_FF_36_reg
unloaded       Tile_9_7_clbalutile/logicBlock/LBIns_pb_IPIN_FF_37_reg
unloaded       Tile_9_7_clbalutile/logicBlock/LBIns_pb_IPIN_FF_38_reg
unloaded       Tile_9_7_clbalutile/logicBlock/LBIns_pb_IPIN_FF_39_reg
unloaded       Tile_1_8_clbalutile/logicBlock/LBIns_pb_IPIN_FF_33_reg
unloaded       Tile_1_8_clbalutile/logicBlock/LBIns_pb_IPIN_FF_34_reg
unloaded       Tile_1_8_clbalutile/logicBlock/LBIns_pb_IPIN_FF_35_reg
unloaded       Tile_1_8_clbalutile/logicBlock/LBIns_pb_IPIN_FF_36_reg
unloaded       Tile_1_8_clbalutile/logicBlock/LBIns_pb_IPIN_FF_37_reg
unloaded       Tile_1_8_clbalutile/logicBlock/LBIns_pb_IPIN_FF_38_reg
unloaded       Tile_1_8_clbalutile/logicBlock/LBIns_pb_IPIN_FF_39_reg
unloaded       Tile_9_1_clbalutile/logicBlock/LBIns_pb_IPIN_FF_33_reg
unloaded       Tile_9_1_clbalutile/logicBlock/LBIns_pb_IPIN_FF_34_reg
unloaded       Tile_9_1_clbalutile/logicBlock/LBIns_pb_IPIN_FF_35_reg
unloaded       Tile_9_1_clbalutile/logicBlock/LBIns_pb_IPIN_FF_36_reg
unloaded       Tile_9_1_clbalutile/logicBlock/LBIns_pb_IPIN_FF_37_reg
unloaded       Tile_9_1_clbalutile/logicBlock/LBIns_pb_IPIN_FF_38_reg
unloaded       Tile_9_1_clbalutile/logicBlock/LBIns_pb_IPIN_FF_39_reg
unloaded       Tile_1_2_clbalutile/logicBlock/LBIns_pb_IPIN_FF_33_reg
unloaded       Tile_1_2_clbalutile/logicBlock/LBIns_pb_IPIN_FF_34_reg
unloaded       Tile_1_2_clbalutile/logicBlock/LBIns_pb_IPIN_FF_35_reg
unloaded       Tile_1_2_clbalutile/logicBlock/LBIns_pb_IPIN_FF_36_reg
unloaded       Tile_1_2_clbalutile/logicBlock/LBIns_pb_IPIN_FF_37_reg
unloaded       Tile_1_2_clbalutile/logicBlock/LBIns_pb_IPIN_FF_38_reg
unloaded       Tile_1_2_clbalutile/logicBlock/LBIns_pb_IPIN_FF_39_reg
unloaded       Tile_6_5_clbalutile/logicBlock/LBIns_pb_IPIN_FF_33_reg
unloaded       Tile_6_5_clbalutile/logicBlock/LBIns_pb_IPIN_FF_34_reg
unloaded       Tile_6_5_clbalutile/logicBlock/LBIns_pb_IPIN_FF_35_reg
unloaded       Tile_6_5_clbalutile/logicBlock/LBIns_pb_IPIN_FF_36_reg
unloaded       Tile_6_5_clbalutile/logicBlock/LBIns_pb_IPIN_FF_37_reg
unloaded       Tile_6_5_clbalutile/logicBlock/LBIns_pb_IPIN_FF_38_reg
unloaded       Tile_6_5_clbalutile/logicBlock/LBIns_pb_IPIN_FF_39_reg
unloaded       Tile_6_2_clbalutile/logicBlock/LBIns_pb_IPIN_FF_33_reg
unloaded       Tile_6_2_clbalutile/logicBlock/LBIns_pb_IPIN_FF_34_reg
unloaded       Tile_6_2_clbalutile/logicBlock/LBIns_pb_IPIN_FF_35_reg
unloaded       Tile_6_2_clbalutile/logicBlock/LBIns_pb_IPIN_FF_36_reg
unloaded       Tile_6_2_clbalutile/logicBlock/LBIns_pb_IPIN_FF_37_reg
unloaded       Tile_6_2_clbalutile/logicBlock/LBIns_pb_IPIN_FF_38_reg
unloaded       Tile_6_2_clbalutile/logicBlock/LBIns_pb_IPIN_FF_39_reg
unloaded       Tile_8_2_clbalutile/logicBlock/LBIns_pb_IPIN_FF_33_reg
unloaded       Tile_8_2_clbalutile/logicBlock/LBIns_pb_IPIN_FF_34_reg
unloaded       Tile_8_2_clbalutile/logicBlock/LBIns_pb_IPIN_FF_35_reg
unloaded       Tile_8_2_clbalutile/logicBlock/LBIns_pb_IPIN_FF_36_reg
unloaded       Tile_8_2_clbalutile/logicBlock/LBIns_pb_IPIN_FF_37_reg
unloaded       Tile_8_2_clbalutile/logicBlock/LBIns_pb_IPIN_FF_38_reg
unloaded       Tile_8_2_clbalutile/logicBlock/LBIns_pb_IPIN_FF_39_reg
unloaded       Tile_1_4_clbalutile/logicBlock/LBIns_pb_IPIN_FF_33_reg
unloaded       Tile_1_4_clbalutile/logicBlock/LBIns_pb_IPIN_FF_34_reg
unloaded       Tile_1_4_clbalutile/logicBlock/LBIns_pb_IPIN_FF_35_reg
unloaded       Tile_1_4_clbalutile/logicBlock/LBIns_pb_IPIN_FF_36_reg
unloaded       Tile_1_4_clbalutile/logicBlock/LBIns_pb_IPIN_FF_37_reg
unloaded       Tile_1_4_clbalutile/logicBlock/LBIns_pb_IPIN_FF_38_reg
unloaded       Tile_1_4_clbalutile/logicBlock/LBIns_pb_IPIN_FF_39_reg
unloaded       Tile_4_10_clbalutile/logicBlock/LBIns_pb_IPIN_FF_33_reg
unloaded       Tile_4_10_clbalutile/logicBlock/LBIns_pb_IPIN_FF_34_reg
unloaded       Tile_4_10_clbalutile/logicBlock/LBIns_pb_IPIN_FF_35_reg
unloaded       Tile_4_10_clbalutile/logicBlock/LBIns_pb_IPIN_FF_36_reg
unloaded       Tile_4_10_clbalutile/logicBlock/LBIns_pb_IPIN_FF_37_reg
unloaded       Tile_4_10_clbalutile/logicBlock/LBIns_pb_IPIN_FF_38_reg
unloaded       Tile_4_10_clbalutile/logicBlock/LBIns_pb_IPIN_FF_39_reg
unloaded       Tile_5_8_clbalutile/logicBlock/LBIns_pb_IPIN_FF_33_reg
unloaded       Tile_5_8_clbalutile/logicBlock/LBIns_pb_IPIN_FF_34_reg
unloaded       Tile_5_8_clbalutile/logicBlock/LBIns_pb_IPIN_FF_35_reg
unloaded       Tile_5_8_clbalutile/logicBlock/LBIns_pb_IPIN_FF_36_reg
unloaded       Tile_5_8_clbalutile/logicBlock/LBIns_pb_IPIN_FF_37_reg
unloaded       Tile_5_8_clbalutile/logicBlock/LBIns_pb_IPIN_FF_38_reg
unloaded       Tile_5_8_clbalutile/logicBlock/LBIns_pb_IPIN_FF_39_reg
unloaded       Tile_4_6_clbalutile/logicBlock/LBIns_pb_IPIN_FF_33_reg
unloaded       Tile_4_6_clbalutile/logicBlock/LBIns_pb_IPIN_FF_34_reg
unloaded       Tile_4_6_clbalutile/logicBlock/LBIns_pb_IPIN_FF_35_reg
unloaded       Tile_4_6_clbalutile/logicBlock/LBIns_pb_IPIN_FF_36_reg
unloaded       Tile_4_6_clbalutile/logicBlock/LBIns_pb_IPIN_FF_37_reg
unloaded       Tile_4_6_clbalutile/logicBlock/LBIns_pb_IPIN_FF_38_reg
unloaded       Tile_4_6_clbalutile/logicBlock/LBIns_pb_IPIN_FF_39_reg
unloaded       Tile_4_5_clbalutile/logicBlock/LBIns_pb_IPIN_FF_33_reg
unloaded       Tile_4_5_clbalutile/logicBlock/LBIns_pb_IPIN_FF_34_reg
unloaded       Tile_4_5_clbalutile/logicBlock/LBIns_pb_IPIN_FF_35_reg
unloaded       Tile_4_5_clbalutile/logicBlock/LBIns_pb_IPIN_FF_36_reg
unloaded       Tile_4_5_clbalutile/logicBlock/LBIns_pb_IPIN_FF_37_reg
unloaded       Tile_4_5_clbalutile/logicBlock/LBIns_pb_IPIN_FF_38_reg
unloaded       Tile_4_5_clbalutile/logicBlock/LBIns_pb_IPIN_FF_39_reg
unloaded       Tile_5_2_clbalutile/logicBlock/LBIns_pb_IPIN_FF_33_reg
unloaded       Tile_5_2_clbalutile/logicBlock/LBIns_pb_IPIN_FF_34_reg
unloaded       Tile_5_2_clbalutile/logicBlock/LBIns_pb_IPIN_FF_35_reg
unloaded       Tile_5_2_clbalutile/logicBlock/LBIns_pb_IPIN_FF_36_reg
unloaded       Tile_5_2_clbalutile/logicBlock/LBIns_pb_IPIN_FF_37_reg
unloaded       Tile_5_2_clbalutile/logicBlock/LBIns_pb_IPIN_FF_38_reg
unloaded       Tile_5_2_clbalutile/logicBlock/LBIns_pb_IPIN_FF_39_reg
unloaded       Tile_5_10_clbalutile/logicBlock/LBIns_pb_IPIN_FF_33_reg
unloaded       Tile_5_10_clbalutile/logicBlock/LBIns_pb_IPIN_FF_34_reg
unloaded       Tile_5_10_clbalutile/logicBlock/LBIns_pb_IPIN_FF_35_reg
unloaded       Tile_5_10_clbalutile/logicBlock/LBIns_pb_IPIN_FF_36_reg
unloaded       Tile_5_10_clbalutile/logicBlock/LBIns_pb_IPIN_FF_37_reg
unloaded       Tile_5_10_clbalutile/logicBlock/LBIns_pb_IPIN_FF_38_reg
unloaded       Tile_5_10_clbalutile/logicBlock/LBIns_pb_IPIN_FF_39_reg
unloaded       Tile_1_1_clbalutile/logicBlock/LBIns_pb_IPIN_FF_33_reg
unloaded       Tile_1_1_clbalutile/logicBlock/LBIns_pb_IPIN_FF_34_reg
unloaded       Tile_1_1_clbalutile/logicBlock/LBIns_pb_IPIN_FF_35_reg
unloaded       Tile_1_1_clbalutile/logicBlock/LBIns_pb_IPIN_FF_36_reg
unloaded       Tile_1_1_clbalutile/logicBlock/LBIns_pb_IPIN_FF_37_reg
unloaded       Tile_1_1_clbalutile/logicBlock/LBIns_pb_IPIN_FF_38_reg
unloaded       Tile_1_1_clbalutile/logicBlock/LBIns_pb_IPIN_FF_39_reg
unloaded       Tile_6_7_clbalutile/logicBlock/LBIns_pb_IPIN_FF_33_reg
unloaded       Tile_6_7_clbalutile/logicBlock/LBIns_pb_IPIN_FF_34_reg
unloaded       Tile_6_7_clbalutile/logicBlock/LBIns_pb_IPIN_FF_35_reg
unloaded       Tile_6_7_clbalutile/logicBlock/LBIns_pb_IPIN_FF_36_reg
unloaded       Tile_6_7_clbalutile/logicBlock/LBIns_pb_IPIN_FF_37_reg
unloaded       Tile_6_7_clbalutile/logicBlock/LBIns_pb_IPIN_FF_38_reg
unloaded       Tile_6_7_clbalutile/logicBlock/LBIns_pb_IPIN_FF_39_reg
unloaded       Tile_4_9_clbalutile/logicBlock/LBIns_pb_IPIN_FF_33_reg
unloaded       Tile_4_9_clbalutile/logicBlock/LBIns_pb_IPIN_FF_34_reg
unloaded       Tile_4_9_clbalutile/logicBlock/LBIns_pb_IPIN_FF_35_reg
unloaded       Tile_4_9_clbalutile/logicBlock/LBIns_pb_IPIN_FF_36_reg
unloaded       Tile_4_9_clbalutile/logicBlock/LBIns_pb_IPIN_FF_37_reg
unloaded       Tile_4_9_clbalutile/logicBlock/LBIns_pb_IPIN_FF_38_reg
unloaded       Tile_4_9_clbalutile/logicBlock/LBIns_pb_IPIN_FF_39_reg
unloaded       Tile_2_7_clbalutile/logicBlock/LBIns_pb_IPIN_FF_33_reg
unloaded       Tile_2_7_clbalutile/logicBlock/LBIns_pb_IPIN_FF_34_reg
unloaded       Tile_2_7_clbalutile/logicBlock/LBIns_pb_IPIN_FF_35_reg
unloaded       Tile_2_7_clbalutile/logicBlock/LBIns_pb_IPIN_FF_36_reg
unloaded       Tile_2_7_clbalutile/logicBlock/LBIns_pb_IPIN_FF_37_reg
unloaded       Tile_2_7_clbalutile/logicBlock/LBIns_pb_IPIN_FF_38_reg
unloaded       Tile_2_7_clbalutile/logicBlock/LBIns_pb_IPIN_FF_39_reg
unloaded       Tile_9_4_clbalutile/logicBlock/LBIns_pb_IPIN_FF_33_reg
unloaded       Tile_9_4_clbalutile/logicBlock/LBIns_pb_IPIN_FF_34_reg
unloaded       Tile_9_4_clbalutile/logicBlock/LBIns_pb_IPIN_FF_35_reg
unloaded       Tile_9_4_clbalutile/logicBlock/LBIns_pb_IPIN_FF_36_reg
unloaded       Tile_9_4_clbalutile/logicBlock/LBIns_pb_IPIN_FF_37_reg
unloaded       Tile_9_4_clbalutile/logicBlock/LBIns_pb_IPIN_FF_38_reg
unloaded       Tile_9_4_clbalutile/logicBlock/LBIns_pb_IPIN_FF_39_reg
unloaded       Tile_1_9_clbalutile/logicBlock/LBIns_pb_IPIN_FF_33_reg
unloaded       Tile_1_9_clbalutile/logicBlock/LBIns_pb_IPIN_FF_34_reg
unloaded       Tile_1_9_clbalutile/logicBlock/LBIns_pb_IPIN_FF_35_reg
unloaded       Tile_1_9_clbalutile/logicBlock/LBIns_pb_IPIN_FF_36_reg
unloaded       Tile_1_9_clbalutile/logicBlock/LBIns_pb_IPIN_FF_37_reg
unloaded       Tile_1_9_clbalutile/logicBlock/LBIns_pb_IPIN_FF_38_reg
unloaded       Tile_1_9_clbalutile/logicBlock/LBIns_pb_IPIN_FF_39_reg
unloaded       Tile_8_1_clbalutile/logicBlock/LBIns_pb_IPIN_FF_33_reg
unloaded       Tile_8_1_clbalutile/logicBlock/LBIns_pb_IPIN_FF_34_reg
unloaded       Tile_8_1_clbalutile/logicBlock/LBIns_pb_IPIN_FF_35_reg
unloaded       Tile_8_1_clbalutile/logicBlock/LBIns_pb_IPIN_FF_36_reg
unloaded       Tile_8_1_clbalutile/logicBlock/LBIns_pb_IPIN_FF_37_reg
unloaded       Tile_8_1_clbalutile/logicBlock/LBIns_pb_IPIN_FF_38_reg
unloaded       Tile_8_1_clbalutile/logicBlock/LBIns_pb_IPIN_FF_39_reg
unloaded       Tile_1_6_clbalutile/logicBlock/LBIns_pb_IPIN_FF_33_reg
unloaded       Tile_1_6_clbalutile/logicBlock/LBIns_pb_IPIN_FF_34_reg
unloaded       Tile_1_6_clbalutile/logicBlock/LBIns_pb_IPIN_FF_35_reg
unloaded       Tile_1_6_clbalutile/logicBlock/LBIns_pb_IPIN_FF_36_reg
unloaded       Tile_1_6_clbalutile/logicBlock/LBIns_pb_IPIN_FF_37_reg
unloaded       Tile_1_6_clbalutile/logicBlock/LBIns_pb_IPIN_FF_38_reg
unloaded       Tile_1_6_clbalutile/logicBlock/LBIns_pb_IPIN_FF_39_reg
unloaded       Tile_7_7_clbalutile/logicBlock/LBIns_pb_IPIN_FF_33_reg
unloaded       Tile_7_7_clbalutile/logicBlock/LBIns_pb_IPIN_FF_34_reg
unloaded       Tile_7_7_clbalutile/logicBlock/LBIns_pb_IPIN_FF_35_reg
unloaded       Tile_7_7_clbalutile/logicBlock/LBIns_pb_IPIN_FF_36_reg
unloaded       Tile_7_7_clbalutile/logicBlock/LBIns_pb_IPIN_FF_37_reg
unloaded       Tile_7_7_clbalutile/logicBlock/LBIns_pb_IPIN_FF_38_reg
unloaded       Tile_7_7_clbalutile/logicBlock/LBIns_pb_IPIN_FF_39_reg
unloaded       Tile_3_8_clbalutile/logicBlock/LBIns_pb_IPIN_FF_33_reg
unloaded       Tile_3_8_clbalutile/logicBlock/LBIns_pb_IPIN_FF_34_reg
unloaded       Tile_3_8_clbalutile/logicBlock/LBIns_pb_IPIN_FF_35_reg
unloaded       Tile_3_8_clbalutile/logicBlock/LBIns_pb_IPIN_FF_36_reg
unloaded       Tile_3_8_clbalutile/logicBlock/LBIns_pb_IPIN_FF_37_reg
unloaded       Tile_3_8_clbalutile/logicBlock/LBIns_pb_IPIN_FF_38_reg
unloaded       Tile_3_8_clbalutile/logicBlock/LBIns_pb_IPIN_FF_39_reg
unloaded       Tile_8_3_clbalutile/logicBlock/LBIns_pb_IPIN_FF_33_reg
unloaded       Tile_8_3_clbalutile/logicBlock/LBIns_pb_IPIN_FF_34_reg
unloaded       Tile_8_3_clbalutile/logicBlock/LBIns_pb_IPIN_FF_35_reg
unloaded       Tile_8_3_clbalutile/logicBlock/LBIns_pb_IPIN_FF_36_reg
unloaded       Tile_8_3_clbalutile/logicBlock/LBIns_pb_IPIN_FF_37_reg
unloaded       Tile_8_3_clbalutile/logicBlock/LBIns_pb_IPIN_FF_38_reg
unloaded       Tile_8_3_clbalutile/logicBlock/LBIns_pb_IPIN_FF_39_reg
unloaded       Tile_5_9_clbalutile/logicBlock/LBIns_pb_IPIN_FF_33_reg
unloaded       Tile_5_9_clbalutile/logicBlock/LBIns_pb_IPIN_FF_34_reg
unloaded       Tile_5_9_clbalutile/logicBlock/LBIns_pb_IPIN_FF_35_reg
unloaded       Tile_5_9_clbalutile/logicBlock/LBIns_pb_IPIN_FF_36_reg
unloaded       Tile_5_9_clbalutile/logicBlock/LBIns_pb_IPIN_FF_37_reg
unloaded       Tile_5_9_clbalutile/logicBlock/LBIns_pb_IPIN_FF_38_reg
unloaded       Tile_5_9_clbalutile/logicBlock/LBIns_pb_IPIN_FF_39_reg
unloaded       Tile_2_4_clbalutile/logicBlock/LBIns_pb_IPIN_FF_33_reg
unloaded       Tile_2_4_clbalutile/logicBlock/LBIns_pb_IPIN_FF_34_reg
unloaded       Tile_2_4_clbalutile/logicBlock/LBIns_pb_IPIN_FF_35_reg
unloaded       Tile_2_4_clbalutile/logicBlock/LBIns_pb_IPIN_FF_36_reg
unloaded       Tile_2_4_clbalutile/logicBlock/LBIns_pb_IPIN_FF_37_reg
unloaded       Tile_2_4_clbalutile/logicBlock/LBIns_pb_IPIN_FF_38_reg
unloaded       Tile_2_4_clbalutile/logicBlock/LBIns_pb_IPIN_FF_39_reg
unloaded       Tile_3_7_clbalutile/logicBlock/LBIns_pb_IPIN_FF_33_reg
unloaded       Tile_3_7_clbalutile/logicBlock/LBIns_pb_IPIN_FF_34_reg
unloaded       Tile_3_7_clbalutile/logicBlock/LBIns_pb_IPIN_FF_35_reg
unloaded       Tile_3_7_clbalutile/logicBlock/LBIns_pb_IPIN_FF_36_reg
unloaded       Tile_3_7_clbalutile/logicBlock/LBIns_pb_IPIN_FF_37_reg
unloaded       Tile_3_7_clbalutile/logicBlock/LBIns_pb_IPIN_FF_38_reg
unloaded       Tile_3_7_clbalutile/logicBlock/LBIns_pb_IPIN_FF_39_reg
unloaded       Tile_9_2_clbalutile/logicBlock/LBIns_pb_IPIN_FF_33_reg
unloaded       Tile_9_2_clbalutile/logicBlock/LBIns_pb_IPIN_FF_34_reg
unloaded       Tile_9_2_clbalutile/logicBlock/LBIns_pb_IPIN_FF_35_reg
unloaded       Tile_9_2_clbalutile/logicBlock/LBIns_pb_IPIN_FF_36_reg
unloaded       Tile_9_2_clbalutile/logicBlock/LBIns_pb_IPIN_FF_37_reg
unloaded       Tile_9_2_clbalutile/logicBlock/LBIns_pb_IPIN_FF_38_reg
unloaded       Tile_9_2_clbalutile/logicBlock/LBIns_pb_IPIN_FF_39_reg
unloaded       Tile_6_3_clbalutile/logicBlock/LBIns_pb_IPIN_FF_33_reg
unloaded       Tile_6_3_clbalutile/logicBlock/LBIns_pb_IPIN_FF_34_reg
unloaded       Tile_6_3_clbalutile/logicBlock/LBIns_pb_IPIN_FF_35_reg
unloaded       Tile_6_3_clbalutile/logicBlock/LBIns_pb_IPIN_FF_36_reg
unloaded       Tile_6_3_clbalutile/logicBlock/LBIns_pb_IPIN_FF_37_reg
unloaded       Tile_6_3_clbalutile/logicBlock/LBIns_pb_IPIN_FF_38_reg
unloaded       Tile_6_3_clbalutile/logicBlock/LBIns_pb_IPIN_FF_39_reg
unloaded       Tile_2_10_clbalutile/logicBlock/LBIns_pb_IPIN_FF_33_reg
unloaded       Tile_2_10_clbalutile/logicBlock/LBIns_pb_IPIN_FF_34_reg
unloaded       Tile_2_10_clbalutile/logicBlock/LBIns_pb_IPIN_FF_35_reg
unloaded       Tile_2_10_clbalutile/logicBlock/LBIns_pb_IPIN_FF_36_reg
unloaded       Tile_2_10_clbalutile/logicBlock/LBIns_pb_IPIN_FF_37_reg
unloaded       Tile_2_10_clbalutile/logicBlock/LBIns_pb_IPIN_FF_38_reg
unloaded       Tile_2_10_clbalutile/logicBlock/LBIns_pb_IPIN_FF_39_reg
unloaded       Tile_1_10_clbalutile/logicBlock/LBIns_pb_IPIN_FF_33_reg
unloaded       Tile_1_10_clbalutile/logicBlock/LBIns_pb_IPIN_FF_34_reg
unloaded       Tile_1_10_clbalutile/logicBlock/LBIns_pb_IPIN_FF_35_reg
unloaded       Tile_1_10_clbalutile/logicBlock/LBIns_pb_IPIN_FF_36_reg
unloaded       Tile_1_10_clbalutile/logicBlock/LBIns_pb_IPIN_FF_37_reg
unloaded       Tile_1_10_clbalutile/logicBlock/LBIns_pb_IPIN_FF_38_reg
unloaded       Tile_1_10_clbalutile/logicBlock/LBIns_pb_IPIN_FF_39_reg
unloaded       Tile_8_8_clbalutile/logicBlock/LBIns_pb_IPIN_FF_33_reg
unloaded       Tile_8_8_clbalutile/logicBlock/LBIns_pb_IPIN_FF_34_reg
unloaded       Tile_8_8_clbalutile/logicBlock/LBIns_pb_IPIN_FF_35_reg
unloaded       Tile_8_8_clbalutile/logicBlock/LBIns_pb_IPIN_FF_36_reg
unloaded       Tile_8_8_clbalutile/logicBlock/LBIns_pb_IPIN_FF_37_reg
unloaded       Tile_8_8_clbalutile/logicBlock/LBIns_pb_IPIN_FF_38_reg
unloaded       Tile_8_8_clbalutile/logicBlock/LBIns_pb_IPIN_FF_39_reg
unloaded       Tile_9_8_clbalutile/logicBlock/LBIns_pb_IPIN_FF_33_reg
unloaded       Tile_9_8_clbalutile/logicBlock/LBIns_pb_IPIN_FF_34_reg
unloaded       Tile_9_8_clbalutile/logicBlock/LBIns_pb_IPIN_FF_35_reg
unloaded       Tile_9_8_clbalutile/logicBlock/LBIns_pb_IPIN_FF_36_reg
unloaded       Tile_9_8_clbalutile/logicBlock/LBIns_pb_IPIN_FF_37_reg
unloaded       Tile_9_8_clbalutile/logicBlock/LBIns_pb_IPIN_FF_38_reg
unloaded       Tile_9_8_clbalutile/logicBlock/LBIns_pb_IPIN_FF_39_reg
unloaded       Tile_6_4_clbalutile/logicBlock/LBIns_pb_IPIN_FF_33_reg
unloaded       Tile_6_4_clbalutile/logicBlock/LBIns_pb_IPIN_FF_34_reg
unloaded       Tile_6_4_clbalutile/logicBlock/LBIns_pb_IPIN_FF_35_reg
unloaded       Tile_6_4_clbalutile/logicBlock/LBIns_pb_IPIN_FF_36_reg
unloaded       Tile_6_4_clbalutile/logicBlock/LBIns_pb_IPIN_FF_37_reg
unloaded       Tile_6_4_clbalutile/logicBlock/LBIns_pb_IPIN_FF_38_reg
unloaded       Tile_6_4_clbalutile/logicBlock/LBIns_pb_IPIN_FF_39_reg
unloaded       Tile_2_8_clbalutile/logicBlock/LBIns_pb_IPIN_FF_33_reg
unloaded       Tile_2_8_clbalutile/logicBlock/LBIns_pb_IPIN_FF_34_reg
unloaded       Tile_2_8_clbalutile/logicBlock/LBIns_pb_IPIN_FF_35_reg
unloaded       Tile_2_8_clbalutile/logicBlock/LBIns_pb_IPIN_FF_36_reg
unloaded       Tile_2_8_clbalutile/logicBlock/LBIns_pb_IPIN_FF_37_reg
unloaded       Tile_2_8_clbalutile/logicBlock/LBIns_pb_IPIN_FF_38_reg
unloaded       Tile_2_8_clbalutile/logicBlock/LBIns_pb_IPIN_FF_39_reg
unloaded       Tile_8_9_clbalutile/logicBlock/LBIns_pb_IPIN_FF_33_reg
unloaded       Tile_8_9_clbalutile/logicBlock/LBIns_pb_IPIN_FF_34_reg
unloaded       Tile_8_9_clbalutile/logicBlock/LBIns_pb_IPIN_FF_35_reg
unloaded       Tile_8_9_clbalutile/logicBlock/LBIns_pb_IPIN_FF_36_reg
unloaded       Tile_8_9_clbalutile/logicBlock/LBIns_pb_IPIN_FF_37_reg
unloaded       Tile_8_9_clbalutile/logicBlock/LBIns_pb_IPIN_FF_38_reg
unloaded       Tile_8_9_clbalutile/logicBlock/LBIns_pb_IPIN_FF_39_reg
unloaded       Tile_3_2_clbalutile/logicBlock/LBIns_pb_IPIN_FF_33_reg
unloaded       Tile_3_2_clbalutile/logicBlock/LBIns_pb_IPIN_FF_34_reg
unloaded       Tile_3_2_clbalutile/logicBlock/LBIns_pb_IPIN_FF_35_reg
unloaded       Tile_3_2_clbalutile/logicBlock/LBIns_pb_IPIN_FF_36_reg
unloaded       Tile_3_2_clbalutile/logicBlock/LBIns_pb_IPIN_FF_37_reg
unloaded       Tile_3_2_clbalutile/logicBlock/LBIns_pb_IPIN_FF_38_reg
unloaded       Tile_3_2_clbalutile/logicBlock/LBIns_pb_IPIN_FF_39_reg
unloaded       Tile_9_6_clbalutile/logicBlock/LBIns_pb_IPIN_FF_33_reg
unloaded       Tile_9_6_clbalutile/logicBlock/LBIns_pb_IPIN_FF_34_reg
unloaded       Tile_9_6_clbalutile/logicBlock/LBIns_pb_IPIN_FF_35_reg
unloaded       Tile_9_6_clbalutile/logicBlock/LBIns_pb_IPIN_FF_36_reg
unloaded       Tile_9_6_clbalutile/logicBlock/LBIns_pb_IPIN_FF_37_reg
unloaded       Tile_9_6_clbalutile/logicBlock/LBIns_pb_IPIN_FF_38_reg
unloaded       Tile_9_6_clbalutile/logicBlock/LBIns_pb_IPIN_FF_39_reg
unloaded       Tile_8_6_clbalutile/logicBlock/LBIns_pb_IPIN_FF_33_reg
unloaded       Tile_8_6_clbalutile/logicBlock/LBIns_pb_IPIN_FF_34_reg
unloaded       Tile_8_6_clbalutile/logicBlock/LBIns_pb_IPIN_FF_35_reg
unloaded       Tile_8_6_clbalutile/logicBlock/LBIns_pb_IPIN_FF_36_reg
unloaded       Tile_8_6_clbalutile/logicBlock/LBIns_pb_IPIN_FF_37_reg
unloaded       Tile_8_6_clbalutile/logicBlock/LBIns_pb_IPIN_FF_38_reg
unloaded       Tile_8_6_clbalutile/logicBlock/LBIns_pb_IPIN_FF_39_reg
unloaded       Tile_3_1_clbalutile/logicBlock/LBIns_pb_IPIN_FF_33_reg
unloaded       Tile_3_1_clbalutile/logicBlock/LBIns_pb_IPIN_FF_34_reg
unloaded       Tile_3_1_clbalutile/logicBlock/LBIns_pb_IPIN_FF_35_reg
unloaded       Tile_3_1_clbalutile/logicBlock/LBIns_pb_IPIN_FF_36_reg
unloaded       Tile_3_1_clbalutile/logicBlock/LBIns_pb_IPIN_FF_37_reg
unloaded       Tile_3_1_clbalutile/logicBlock/LBIns_pb_IPIN_FF_38_reg
unloaded       Tile_3_1_clbalutile/logicBlock/LBIns_pb_IPIN_FF_39_reg
unloaded       Tile_9_10_clbalutile/logicBlock/LBIns_pb_IPIN_FF_33_reg
unloaded       Tile_9_10_clbalutile/logicBlock/LBIns_pb_IPIN_FF_34_reg
unloaded       Tile_9_10_clbalutile/logicBlock/LBIns_pb_IPIN_FF_35_reg
unloaded       Tile_9_10_clbalutile/logicBlock/LBIns_pb_IPIN_FF_36_reg
unloaded       Tile_9_10_clbalutile/logicBlock/LBIns_pb_IPIN_FF_37_reg
unloaded       Tile_9_10_clbalutile/logicBlock/LBIns_pb_IPIN_FF_38_reg
unloaded       Tile_9_10_clbalutile/logicBlock/LBIns_pb_IPIN_FF_39_reg
unloaded       Tile_1_5_clbalutile/logicBlock/LBIns_pb_IPIN_FF_33_reg
unloaded       Tile_1_5_clbalutile/logicBlock/LBIns_pb_IPIN_FF_34_reg
unloaded       Tile_1_5_clbalutile/logicBlock/LBIns_pb_IPIN_FF_35_reg
unloaded       Tile_1_5_clbalutile/logicBlock/LBIns_pb_IPIN_FF_36_reg
unloaded       Tile_1_5_clbalutile/logicBlock/LBIns_pb_IPIN_FF_37_reg
unloaded       Tile_1_5_clbalutile/logicBlock/LBIns_pb_IPIN_FF_38_reg
unloaded       Tile_1_5_clbalutile/logicBlock/LBIns_pb_IPIN_FF_39_reg
unloaded       Tile_7_2_clbalutile/logicBlock/LBIns_pb_IPIN_FF_33_reg
unloaded       Tile_7_2_clbalutile/logicBlock/LBIns_pb_IPIN_FF_34_reg
unloaded       Tile_7_2_clbalutile/logicBlock/LBIns_pb_IPIN_FF_35_reg
unloaded       Tile_7_2_clbalutile/logicBlock/LBIns_pb_IPIN_FF_36_reg
unloaded       Tile_7_2_clbalutile/logicBlock/LBIns_pb_IPIN_FF_37_reg
unloaded       Tile_7_2_clbalutile/logicBlock/LBIns_pb_IPIN_FF_38_reg
unloaded       Tile_7_2_clbalutile/logicBlock/LBIns_pb_IPIN_FF_39_reg
unloaded       Tile_3_9_clbalutile/logicBlock/LBIns_pb_IPIN_FF_33_reg
unloaded       Tile_3_9_clbalutile/logicBlock/LBIns_pb_IPIN_FF_34_reg
unloaded       Tile_3_9_clbalutile/logicBlock/LBIns_pb_IPIN_FF_35_reg
unloaded       Tile_3_9_clbalutile/logicBlock/LBIns_pb_IPIN_FF_36_reg
unloaded       Tile_3_9_clbalutile/logicBlock/LBIns_pb_IPIN_FF_37_reg
unloaded       Tile_3_9_clbalutile/logicBlock/LBIns_pb_IPIN_FF_38_reg
unloaded       Tile_3_9_clbalutile/logicBlock/LBIns_pb_IPIN_FF_39_reg
unloaded       Tile_7_1_clbalutile/logicBlock/LBIns_pb_IPIN_FF_33_reg
unloaded       Tile_7_1_clbalutile/logicBlock/LBIns_pb_IPIN_FF_34_reg
unloaded       Tile_7_1_clbalutile/logicBlock/LBIns_pb_IPIN_FF_35_reg
unloaded       Tile_7_1_clbalutile/logicBlock/LBIns_pb_IPIN_FF_36_reg
unloaded       Tile_7_1_clbalutile/logicBlock/LBIns_pb_IPIN_FF_37_reg
unloaded       Tile_7_1_clbalutile/logicBlock/LBIns_pb_IPIN_FF_38_reg
unloaded       Tile_7_1_clbalutile/logicBlock/LBIns_pb_IPIN_FF_39_reg
unloaded       Tile_6_8_clbalutile/logicBlock/LBIns_pb_IPIN_FF_33_reg
unloaded       Tile_6_8_clbalutile/logicBlock/LBIns_pb_IPIN_FF_34_reg
unloaded       Tile_6_8_clbalutile/logicBlock/LBIns_pb_IPIN_FF_35_reg
unloaded       Tile_6_8_clbalutile/logicBlock/LBIns_pb_IPIN_FF_36_reg
unloaded       Tile_6_8_clbalutile/logicBlock/LBIns_pb_IPIN_FF_37_reg
unloaded       Tile_6_8_clbalutile/logicBlock/LBIns_pb_IPIN_FF_38_reg
unloaded       Tile_6_8_clbalutile/logicBlock/LBIns_pb_IPIN_FF_39_reg
unloaded       Tile_8_7_clbalutile/logicBlock/LBIns_pb_IPIN_FF_33_reg
unloaded       Tile_8_7_clbalutile/logicBlock/LBIns_pb_IPIN_FF_34_reg
unloaded       Tile_8_7_clbalutile/logicBlock/LBIns_pb_IPIN_FF_35_reg
unloaded       Tile_8_7_clbalutile/logicBlock/LBIns_pb_IPIN_FF_36_reg
unloaded       Tile_8_7_clbalutile/logicBlock/LBIns_pb_IPIN_FF_37_reg
unloaded       Tile_8_7_clbalutile/logicBlock/LBIns_pb_IPIN_FF_38_reg
unloaded       Tile_8_7_clbalutile/logicBlock/LBIns_pb_IPIN_FF_39_reg
unloaded       Tile_3_3_clbalutile/logicBlock/LBIns_pb_IPIN_FF_33_reg
unloaded       Tile_3_3_clbalutile/logicBlock/LBIns_pb_IPIN_FF_34_reg
unloaded       Tile_3_3_clbalutile/logicBlock/LBIns_pb_IPIN_FF_35_reg
unloaded       Tile_3_3_clbalutile/logicBlock/LBIns_pb_IPIN_FF_36_reg
unloaded       Tile_3_3_clbalutile/logicBlock/LBIns_pb_IPIN_FF_37_reg
unloaded       Tile_3_3_clbalutile/logicBlock/LBIns_pb_IPIN_FF_38_reg
unloaded       Tile_3_3_clbalutile/logicBlock/LBIns_pb_IPIN_FF_39_reg
unloaded       Tile_6_9_clbalutile/logicBlock/LBIns_pb_IPIN_FF_33_reg
unloaded       Tile_6_9_clbalutile/logicBlock/LBIns_pb_IPIN_FF_34_reg
unloaded       Tile_6_9_clbalutile/logicBlock/LBIns_pb_IPIN_FF_35_reg
unloaded       Tile_6_9_clbalutile/logicBlock/LBIns_pb_IPIN_FF_36_reg
unloaded       Tile_6_9_clbalutile/logicBlock/LBIns_pb_IPIN_FF_37_reg
unloaded       Tile_6_9_clbalutile/logicBlock/LBIns_pb_IPIN_FF_38_reg
unloaded       Tile_6_9_clbalutile/logicBlock/LBIns_pb_IPIN_FF_39_reg
unloaded       Tile_4_3_clbalutile/logicBlock/LBIns_pb_IPIN_FF_33_reg
unloaded       Tile_4_3_clbalutile/logicBlock/LBIns_pb_IPIN_FF_34_reg
unloaded       Tile_4_3_clbalutile/logicBlock/LBIns_pb_IPIN_FF_35_reg
unloaded       Tile_4_3_clbalutile/logicBlock/LBIns_pb_IPIN_FF_36_reg
unloaded       Tile_4_3_clbalutile/logicBlock/LBIns_pb_IPIN_FF_37_reg
unloaded       Tile_4_3_clbalutile/logicBlock/LBIns_pb_IPIN_FF_38_reg
unloaded       Tile_4_3_clbalutile/logicBlock/LBIns_pb_IPIN_FF_39_reg
unloaded       Tile_1_7_clbalutile/logicBlock/LBIns_pb_IPIN_FF_33_reg
unloaded       Tile_1_7_clbalutile/logicBlock/LBIns_pb_IPIN_FF_34_reg
unloaded       Tile_1_7_clbalutile/logicBlock/LBIns_pb_IPIN_FF_35_reg
unloaded       Tile_1_7_clbalutile/logicBlock/LBIns_pb_IPIN_FF_36_reg
unloaded       Tile_1_7_clbalutile/logicBlock/LBIns_pb_IPIN_FF_37_reg
unloaded       Tile_1_7_clbalutile/logicBlock/LBIns_pb_IPIN_FF_38_reg
unloaded       Tile_1_7_clbalutile/logicBlock/LBIns_pb_IPIN_FF_39_reg
unloaded       Tile_9_5_clbalutile/logicBlock/LBIns_pb_IPIN_FF_33_reg
unloaded       Tile_9_5_clbalutile/logicBlock/LBIns_pb_IPIN_FF_34_reg
unloaded       Tile_9_5_clbalutile/logicBlock/LBIns_pb_IPIN_FF_35_reg
unloaded       Tile_9_5_clbalutile/logicBlock/LBIns_pb_IPIN_FF_36_reg
unloaded       Tile_9_5_clbalutile/logicBlock/LBIns_pb_IPIN_FF_37_reg
unloaded       Tile_9_5_clbalutile/logicBlock/LBIns_pb_IPIN_FF_38_reg
unloaded       Tile_9_5_clbalutile/logicBlock/LBIns_pb_IPIN_FF_39_reg
unloaded       Tile_5_1_clbalutile/logicBlock/LBIns_pb_IPIN_FF_33_reg
unloaded       Tile_5_1_clbalutile/logicBlock/LBIns_pb_IPIN_FF_34_reg
unloaded       Tile_5_1_clbalutile/logicBlock/LBIns_pb_IPIN_FF_35_reg
unloaded       Tile_5_1_clbalutile/logicBlock/LBIns_pb_IPIN_FF_36_reg
unloaded       Tile_5_1_clbalutile/logicBlock/LBIns_pb_IPIN_FF_37_reg
unloaded       Tile_5_1_clbalutile/logicBlock/LBIns_pb_IPIN_FF_38_reg
unloaded       Tile_5_1_clbalutile/logicBlock/LBIns_pb_IPIN_FF_39_reg
unloaded       Tile_2_3_clbalutile/logicBlock/LBIns_pb_IPIN_FF_33_reg
unloaded       Tile_2_3_clbalutile/logicBlock/LBIns_pb_IPIN_FF_34_reg
unloaded       Tile_2_3_clbalutile/logicBlock/LBIns_pb_IPIN_FF_35_reg
unloaded       Tile_2_3_clbalutile/logicBlock/LBIns_pb_IPIN_FF_36_reg
unloaded       Tile_2_3_clbalutile/logicBlock/LBIns_pb_IPIN_FF_37_reg
unloaded       Tile_2_3_clbalutile/logicBlock/LBIns_pb_IPIN_FF_38_reg
unloaded       Tile_2_3_clbalutile/logicBlock/LBIns_pb_IPIN_FF_39_reg
unloaded       Tile_3_5_clbalutile/logicBlock/LBIns_pb_IPIN_FF_33_reg
unloaded       Tile_3_5_clbalutile/logicBlock/LBIns_pb_IPIN_FF_34_reg
unloaded       Tile_3_5_clbalutile/logicBlock/LBIns_pb_IPIN_FF_35_reg
unloaded       Tile_3_5_clbalutile/logicBlock/LBIns_pb_IPIN_FF_36_reg
unloaded       Tile_3_5_clbalutile/logicBlock/LBIns_pb_IPIN_FF_37_reg
unloaded       Tile_3_5_clbalutile/logicBlock/LBIns_pb_IPIN_FF_38_reg
unloaded       Tile_3_5_clbalutile/logicBlock/LBIns_pb_IPIN_FF_39_reg
unloaded       Tile_7_3_clbalutile/logicBlock/LBIns_pb_IPIN_FF_33_reg
unloaded       Tile_7_3_clbalutile/logicBlock/LBIns_pb_IPIN_FF_34_reg
unloaded       Tile_7_3_clbalutile/logicBlock/LBIns_pb_IPIN_FF_35_reg
unloaded       Tile_7_3_clbalutile/logicBlock/LBIns_pb_IPIN_FF_36_reg
unloaded       Tile_7_3_clbalutile/logicBlock/LBIns_pb_IPIN_FF_37_reg
unloaded       Tile_7_3_clbalutile/logicBlock/LBIns_pb_IPIN_FF_38_reg
unloaded       Tile_7_3_clbalutile/logicBlock/LBIns_pb_IPIN_FF_39_reg
unloaded       Tile_3_6_clbalutile/logicBlock/LBIns_pb_IPIN_FF_33_reg
unloaded       Tile_3_6_clbalutile/logicBlock/LBIns_pb_IPIN_FF_34_reg
unloaded       Tile_3_6_clbalutile/logicBlock/LBIns_pb_IPIN_FF_35_reg
unloaded       Tile_3_6_clbalutile/logicBlock/LBIns_pb_IPIN_FF_36_reg
unloaded       Tile_3_6_clbalutile/logicBlock/LBIns_pb_IPIN_FF_37_reg
unloaded       Tile_3_6_clbalutile/logicBlock/LBIns_pb_IPIN_FF_38_reg
unloaded       Tile_3_6_clbalutile/logicBlock/LBIns_pb_IPIN_FF_39_reg
unloaded       Tile_8_10_clbalutile/logicBlock/LBIns_pb_IPIN_FF_33_reg
unloaded       Tile_8_10_clbalutile/logicBlock/LBIns_pb_IPIN_FF_34_reg
unloaded       Tile_8_10_clbalutile/logicBlock/LBIns_pb_IPIN_FF_35_reg
unloaded       Tile_8_10_clbalutile/logicBlock/LBIns_pb_IPIN_FF_36_reg
unloaded       Tile_8_10_clbalutile/logicBlock/LBIns_pb_IPIN_FF_37_reg
unloaded       Tile_8_10_clbalutile/logicBlock/LBIns_pb_IPIN_FF_38_reg
unloaded       Tile_8_10_clbalutile/logicBlock/LBIns_pb_IPIN_FF_39_reg
unloaded       Tile_7_10_clbalutile/logicBlock/LBIns_pb_IPIN_FF_33_reg
unloaded       Tile_7_10_clbalutile/logicBlock/LBIns_pb_IPIN_FF_34_reg
unloaded       Tile_7_10_clbalutile/logicBlock/LBIns_pb_IPIN_FF_35_reg
unloaded       Tile_7_10_clbalutile/logicBlock/LBIns_pb_IPIN_FF_36_reg
unloaded       Tile_7_10_clbalutile/logicBlock/LBIns_pb_IPIN_FF_37_reg
unloaded       Tile_7_10_clbalutile/logicBlock/LBIns_pb_IPIN_FF_38_reg
unloaded       Tile_7_10_clbalutile/logicBlock/LBIns_pb_IPIN_FF_39_reg
unloaded       Tile_1_3_clbalutile/logicBlock/LBIns_pb_IPIN_FF_33_reg
unloaded       Tile_1_3_clbalutile/logicBlock/LBIns_pb_IPIN_FF_34_reg
unloaded       Tile_1_3_clbalutile/logicBlock/LBIns_pb_IPIN_FF_35_reg
unloaded       Tile_1_3_clbalutile/logicBlock/LBIns_pb_IPIN_FF_36_reg
unloaded       Tile_1_3_clbalutile/logicBlock/LBIns_pb_IPIN_FF_37_reg
unloaded       Tile_1_3_clbalutile/logicBlock/LBIns_pb_IPIN_FF_38_reg
unloaded       Tile_1_3_clbalutile/logicBlock/LBIns_pb_IPIN_FF_39_reg
unloaded       Tile_5_5_clbalutile/logicBlock/LBIns_pb_IPIN_FF_33_reg
unloaded       Tile_5_5_clbalutile/logicBlock/LBIns_pb_IPIN_FF_34_reg
unloaded       Tile_5_5_clbalutile/logicBlock/LBIns_pb_IPIN_FF_35_reg
unloaded       Tile_5_5_clbalutile/logicBlock/LBIns_pb_IPIN_FF_36_reg
unloaded       Tile_5_5_clbalutile/logicBlock/LBIns_pb_IPIN_FF_37_reg
unloaded       Tile_5_5_clbalutile/logicBlock/LBIns_pb_IPIN_FF_38_reg
unloaded       Tile_5_5_clbalutile/logicBlock/LBIns_pb_IPIN_FF_39_reg
unloaded       Tile_5_7_clbalutile/logicBlock/LBIns_pb_IPIN_FF_33_reg
unloaded       Tile_5_7_clbalutile/logicBlock/LBIns_pb_IPIN_FF_34_reg
unloaded       Tile_5_7_clbalutile/logicBlock/LBIns_pb_IPIN_FF_35_reg
unloaded       Tile_5_7_clbalutile/logicBlock/LBIns_pb_IPIN_FF_36_reg
unloaded       Tile_5_7_clbalutile/logicBlock/LBIns_pb_IPIN_FF_37_reg
unloaded       Tile_5_7_clbalutile/logicBlock/LBIns_pb_IPIN_FF_38_reg
unloaded       Tile_5_7_clbalutile/logicBlock/LBIns_pb_IPIN_FF_39_reg
unloaded       Tile_5_3_clbalutile/logicBlock/LBIns_pb_IPIN_FF_33_reg
unloaded       Tile_5_3_clbalutile/logicBlock/LBIns_pb_IPIN_FF_34_reg
unloaded       Tile_5_3_clbalutile/logicBlock/LBIns_pb_IPIN_FF_35_reg
unloaded       Tile_5_3_clbalutile/logicBlock/LBIns_pb_IPIN_FF_36_reg
unloaded       Tile_5_3_clbalutile/logicBlock/LBIns_pb_IPIN_FF_37_reg
unloaded       Tile_5_3_clbalutile/logicBlock/LBIns_pb_IPIN_FF_38_reg
unloaded       Tile_5_3_clbalutile/logicBlock/LBIns_pb_IPIN_FF_39_reg
unloaded       Tile_7_4_clbalutile/logicBlock/LBIns_pb_IPIN_FF_33_reg
unloaded       Tile_7_4_clbalutile/logicBlock/LBIns_pb_IPIN_FF_34_reg
unloaded       Tile_7_4_clbalutile/logicBlock/LBIns_pb_IPIN_FF_35_reg
unloaded       Tile_7_4_clbalutile/logicBlock/LBIns_pb_IPIN_FF_36_reg
unloaded       Tile_7_4_clbalutile/logicBlock/LBIns_pb_IPIN_FF_37_reg
unloaded       Tile_7_4_clbalutile/logicBlock/LBIns_pb_IPIN_FF_38_reg
unloaded       Tile_7_4_clbalutile/logicBlock/LBIns_pb_IPIN_FF_39_reg
unloaded       Tile_6_6_clbalutile/logicBlock/LBIns_pb_IPIN_FF_33_reg
unloaded       Tile_6_6_clbalutile/logicBlock/LBIns_pb_IPIN_FF_34_reg
unloaded       Tile_6_6_clbalutile/logicBlock/LBIns_pb_IPIN_FF_35_reg
unloaded       Tile_6_6_clbalutile/logicBlock/LBIns_pb_IPIN_FF_36_reg
unloaded       Tile_6_6_clbalutile/logicBlock/LBIns_pb_IPIN_FF_37_reg
unloaded       Tile_6_6_clbalutile/logicBlock/LBIns_pb_IPIN_FF_38_reg
unloaded       Tile_6_6_clbalutile/logicBlock/LBIns_pb_IPIN_FF_39_reg
unloaded       Tile_7_6_clbalutile/logicBlock/LBIns_pb_IPIN_FF_33_reg
unloaded       Tile_7_6_clbalutile/logicBlock/LBIns_pb_IPIN_FF_34_reg
unloaded       Tile_7_6_clbalutile/logicBlock/LBIns_pb_IPIN_FF_35_reg
unloaded       Tile_7_6_clbalutile/logicBlock/LBIns_pb_IPIN_FF_36_reg
unloaded       Tile_7_6_clbalutile/logicBlock/LBIns_pb_IPIN_FF_37_reg
unloaded       Tile_7_6_clbalutile/logicBlock/LBIns_pb_IPIN_FF_38_reg
unloaded       Tile_7_6_clbalutile/logicBlock/LBIns_pb_IPIN_FF_39_reg
constant 0     Tile_7_10_clbalutile/logicBlock/LBIns_pb_IPIN_FF_40_reg
constant 0     Tile_8_10_clbalutile/logicBlock/LBIns_pb_IPIN_FF_40_reg
constant 0     Tile_9_10_clbalutile/logicBlock/LBIns_pb_IPIN_FF_40_reg
constant 0     Tile_1_10_clbalutile/logicBlock/LBIns_pb_IPIN_FF_40_reg
constant 0     Tile_2_10_clbalutile/logicBlock/LBIns_pb_IPIN_FF_40_reg
constant 0     Tile_5_10_clbalutile/logicBlock/LBIns_pb_IPIN_FF_40_reg
constant 0     Tile_4_10_clbalutile/logicBlock/LBIns_pb_IPIN_FF_40_reg
constant 0     Tile_6_10_clbalutile/logicBlock/LBIns_pb_IPIN_FF_40_reg
constant 0     Tile_3_10_clbalutile/logicBlock/LBIns_pb_IPIN_FF_40_reg
unloaded       Tile_1_1_clbalutile/logicBlock/OPIN_58_pb_OPIN_FF_16_reg
unloaded       Tile_2_1_clbalutile/logicBlock/OPIN_58_pb_OPIN_FF_16_reg
unloaded       Tile_3_1_clbalutile/logicBlock/OPIN_58_pb_OPIN_FF_16_reg
unloaded       Tile_4_1_clbalutile/logicBlock/OPIN_58_pb_OPIN_FF_16_reg
unloaded       Tile_5_1_clbalutile/logicBlock/OPIN_58_pb_OPIN_FF_16_reg
unloaded       Tile_6_1_clbalutile/logicBlock/OPIN_58_pb_OPIN_FF_16_reg
unloaded       Tile_7_1_clbalutile/logicBlock/OPIN_58_pb_OPIN_FF_16_reg
unloaded       Tile_8_1_clbalutile/logicBlock/OPIN_58_pb_OPIN_FF_16_reg
unloaded       Tile_9_1_clbalutile/logicBlock/OPIN_58_pb_OPIN_FF_16_reg
