============================================================
  Generated by:           Genus(TM) Synthesis Solution 21.12-s068_1
  Generated on:           Mar 02 2024  10:32:54 pm
  Module:                 flatFabric
  Technology libraries:   asap7sc7p5t_AO_RVT_TT_nldm_211120 1.0
                          asap7sc7p5t_INVBUF_RVT_TT_nldm_211120 1.0
                          asap7sc7p5t_OA_RVT_TT_nldm_211120 1.0
                          asap7sc7p5t_SEQ_RVT_TT_nldm_220123 1.0
                          asap7sc7p5t_SIMPLE_RVT_TT_nldm_211120 1.0
                          asap7sc7p5t_AO_LVT_TT_nldm_211120 1.0
                          asap7sc7p5t_INVBUF_LVT_TT_nldm_211120 1.0
                          asap7sc7p5t_OA_LVT_TT_nldm_211120 1.0
                          asap7sc7p5t_SEQ_LVT_TT_nldm_220123 1.0
                          asap7sc7p5t_SIMPLE_LVT_TT_nldm_211120 1.0
                          physical_cells 
  Operating conditions:   PVT_0P7V_25C 
  Interconnect mode:      global
  Area mode:              physical library
============================================================

   Reason      Instance Name
-----------------------------
unloaded       Tile_2_2_clbalutile/logicBlock/LBIns_pb_IPIN_FF_33_reg
unloaded       Tile_2_2_clbalutile/logicBlock/LBIns_pb_IPIN_FF_34_reg
unloaded       Tile_2_2_clbalutile/logicBlock/LBIns_pb_IPIN_FF_35_reg
unloaded       Tile_2_2_clbalutile/logicBlock/LBIns_pb_IPIN_FF_36_reg
unloaded       Tile_2_2_clbalutile/logicBlock/LBIns_pb_IPIN_FF_37_reg
unloaded       Tile_2_2_clbalutile/logicBlock/LBIns_pb_IPIN_FF_38_reg
unloaded       Tile_2_2_clbalutile/logicBlock/LBIns_pb_IPIN_FF_39_reg
unloaded       Tile_1_2_clbalutile/logicBlock/LBIns_pb_IPIN_FF_33_reg
unloaded       Tile_1_2_clbalutile/logicBlock/LBIns_pb_IPIN_FF_34_reg
unloaded       Tile_1_2_clbalutile/logicBlock/LBIns_pb_IPIN_FF_35_reg
unloaded       Tile_1_2_clbalutile/logicBlock/LBIns_pb_IPIN_FF_36_reg
unloaded       Tile_1_2_clbalutile/logicBlock/LBIns_pb_IPIN_FF_37_reg
unloaded       Tile_1_2_clbalutile/logicBlock/LBIns_pb_IPIN_FF_38_reg
unloaded       Tile_1_2_clbalutile/logicBlock/LBIns_pb_IPIN_FF_39_reg
unloaded       Tile_1_4_clbalutile/logicBlock/LBIns_pb_IPIN_FF_33_reg
unloaded       Tile_1_4_clbalutile/logicBlock/LBIns_pb_IPIN_FF_34_reg
unloaded       Tile_1_4_clbalutile/logicBlock/LBIns_pb_IPIN_FF_35_reg
unloaded       Tile_1_4_clbalutile/logicBlock/LBIns_pb_IPIN_FF_36_reg
unloaded       Tile_1_4_clbalutile/logicBlock/LBIns_pb_IPIN_FF_37_reg
unloaded       Tile_1_4_clbalutile/logicBlock/LBIns_pb_IPIN_FF_38_reg
unloaded       Tile_1_4_clbalutile/logicBlock/LBIns_pb_IPIN_FF_39_reg
unloaded       Tile_2_4_clbalutile/logicBlock/LBIns_pb_IPIN_FF_33_reg
unloaded       Tile_2_4_clbalutile/logicBlock/LBIns_pb_IPIN_FF_34_reg
unloaded       Tile_2_4_clbalutile/logicBlock/LBIns_pb_IPIN_FF_35_reg
unloaded       Tile_2_4_clbalutile/logicBlock/LBIns_pb_IPIN_FF_36_reg
unloaded       Tile_2_4_clbalutile/logicBlock/LBIns_pb_IPIN_FF_37_reg
unloaded       Tile_2_4_clbalutile/logicBlock/LBIns_pb_IPIN_FF_38_reg
unloaded       Tile_2_4_clbalutile/logicBlock/LBIns_pb_IPIN_FF_39_reg
unloaded       Tile_3_2_clbalutile/logicBlock/LBIns_pb_IPIN_FF_33_reg
unloaded       Tile_3_2_clbalutile/logicBlock/LBIns_pb_IPIN_FF_34_reg
unloaded       Tile_3_2_clbalutile/logicBlock/LBIns_pb_IPIN_FF_35_reg
unloaded       Tile_3_2_clbalutile/logicBlock/LBIns_pb_IPIN_FF_36_reg
unloaded       Tile_3_2_clbalutile/logicBlock/LBIns_pb_IPIN_FF_37_reg
unloaded       Tile_3_2_clbalutile/logicBlock/LBIns_pb_IPIN_FF_38_reg
unloaded       Tile_3_2_clbalutile/logicBlock/LBIns_pb_IPIN_FF_39_reg
unloaded       Tile_2_3_clbalutile/logicBlock/LBIns_pb_IPIN_FF_33_reg
unloaded       Tile_2_3_clbalutile/logicBlock/LBIns_pb_IPIN_FF_34_reg
unloaded       Tile_2_3_clbalutile/logicBlock/LBIns_pb_IPIN_FF_35_reg
unloaded       Tile_2_3_clbalutile/logicBlock/LBIns_pb_IPIN_FF_36_reg
unloaded       Tile_2_3_clbalutile/logicBlock/LBIns_pb_IPIN_FF_37_reg
unloaded       Tile_2_3_clbalutile/logicBlock/LBIns_pb_IPIN_FF_38_reg
unloaded       Tile_2_3_clbalutile/logicBlock/LBIns_pb_IPIN_FF_39_reg
unloaded       Tile_1_3_clbalutile/logicBlock/LBIns_pb_IPIN_FF_33_reg
unloaded       Tile_1_3_clbalutile/logicBlock/LBIns_pb_IPIN_FF_34_reg
unloaded       Tile_1_3_clbalutile/logicBlock/LBIns_pb_IPIN_FF_35_reg
unloaded       Tile_1_3_clbalutile/logicBlock/LBIns_pb_IPIN_FF_36_reg
unloaded       Tile_1_3_clbalutile/logicBlock/LBIns_pb_IPIN_FF_37_reg
unloaded       Tile_1_3_clbalutile/logicBlock/LBIns_pb_IPIN_FF_38_reg
unloaded       Tile_1_3_clbalutile/logicBlock/LBIns_pb_IPIN_FF_39_reg
unloaded       Tile_3_4_clbalutile/logicBlock/LBIns_pb_IPIN_FF_33_reg
unloaded       Tile_3_4_clbalutile/logicBlock/LBIns_pb_IPIN_FF_34_reg
unloaded       Tile_3_4_clbalutile/logicBlock/LBIns_pb_IPIN_FF_35_reg
unloaded       Tile_3_4_clbalutile/logicBlock/LBIns_pb_IPIN_FF_36_reg
unloaded       Tile_3_4_clbalutile/logicBlock/LBIns_pb_IPIN_FF_37_reg
unloaded       Tile_3_4_clbalutile/logicBlock/LBIns_pb_IPIN_FF_38_reg
unloaded       Tile_3_4_clbalutile/logicBlock/LBIns_pb_IPIN_FF_39_reg
unloaded       Tile_2_1_clbalutile/logicBlock/LBIns_pb_IPIN_FF_33_reg
unloaded       Tile_2_1_clbalutile/logicBlock/LBIns_pb_IPIN_FF_34_reg
unloaded       Tile_2_1_clbalutile/logicBlock/LBIns_pb_IPIN_FF_35_reg
unloaded       Tile_2_1_clbalutile/logicBlock/LBIns_pb_IPIN_FF_36_reg
unloaded       Tile_2_1_clbalutile/logicBlock/LBIns_pb_IPIN_FF_37_reg
unloaded       Tile_2_1_clbalutile/logicBlock/LBIns_pb_IPIN_FF_38_reg
unloaded       Tile_2_1_clbalutile/logicBlock/LBIns_pb_IPIN_FF_39_reg
unloaded       Tile_1_1_clbalutile/logicBlock/LBIns_pb_IPIN_FF_33_reg
unloaded       Tile_1_1_clbalutile/logicBlock/LBIns_pb_IPIN_FF_34_reg
unloaded       Tile_1_1_clbalutile/logicBlock/LBIns_pb_IPIN_FF_35_reg
unloaded       Tile_1_1_clbalutile/logicBlock/LBIns_pb_IPIN_FF_36_reg
unloaded       Tile_1_1_clbalutile/logicBlock/LBIns_pb_IPIN_FF_37_reg
unloaded       Tile_1_1_clbalutile/logicBlock/LBIns_pb_IPIN_FF_38_reg
unloaded       Tile_1_1_clbalutile/logicBlock/LBIns_pb_IPIN_FF_39_reg
unloaded       Tile_3_1_clbalutile/logicBlock/LBIns_pb_IPIN_FF_33_reg
unloaded       Tile_3_1_clbalutile/logicBlock/LBIns_pb_IPIN_FF_34_reg
unloaded       Tile_3_1_clbalutile/logicBlock/LBIns_pb_IPIN_FF_35_reg
unloaded       Tile_3_1_clbalutile/logicBlock/LBIns_pb_IPIN_FF_36_reg
unloaded       Tile_3_1_clbalutile/logicBlock/LBIns_pb_IPIN_FF_37_reg
unloaded       Tile_3_1_clbalutile/logicBlock/LBIns_pb_IPIN_FF_38_reg
unloaded       Tile_3_1_clbalutile/logicBlock/LBIns_pb_IPIN_FF_39_reg
unloaded       Tile_3_3_clbalutile/logicBlock/LBIns_pb_IPIN_FF_33_reg
unloaded       Tile_3_3_clbalutile/logicBlock/LBIns_pb_IPIN_FF_34_reg
unloaded       Tile_3_3_clbalutile/logicBlock/LBIns_pb_IPIN_FF_35_reg
unloaded       Tile_3_3_clbalutile/logicBlock/LBIns_pb_IPIN_FF_36_reg
unloaded       Tile_3_3_clbalutile/logicBlock/LBIns_pb_IPIN_FF_37_reg
unloaded       Tile_3_3_clbalutile/logicBlock/LBIns_pb_IPIN_FF_38_reg
unloaded       Tile_3_3_clbalutile/logicBlock/LBIns_pb_IPIN_FF_39_reg
constant 0     Tile_3_4_clbalutile/logicBlock/LBIns_pb_IPIN_FF_40_reg
constant 0     Tile_2_4_clbalutile/logicBlock/LBIns_pb_IPIN_FF_40_reg
constant 0     Tile_1_4_clbalutile/logicBlock/LBIns_pb_IPIN_FF_40_reg
unloaded       Tile_1_1_clbalutile/logicBlock/OPIN_58_pb_OPIN_FF_16_reg
unloaded       Tile_2_1_clbalutile/logicBlock/OPIN_58_pb_OPIN_FF_16_reg
unloaded       Tile_3_1_clbalutile/logicBlock/OPIN_58_pb_OPIN_FF_16_reg
